1498688682133	geckodriver	INFO	Listening on 127.0.0.1:64184
1498689031176	geckodriver	INFO	Listening on 127.0.0.1:64301
1498689033301	geckodriver::marionette	INFO	Starting browser C:\Program Files (x86)\Mozilla Firefox\firefox.exe with args ["-marionette"]
1498689047702	Marionette	INFO	Listening on port 64307
1498689048973	Marionette	WARN	TLS certificate errors will be ignored for this session
1498689107558	addons.productaddons	ERROR	Request failed certificate checks: [Exception... "Certificate checks failed. See previous errors for details."  nsresult: "0x80070057 (NS_ERROR_ILLEGAL_VALUE)"  location: "JS frame :: resource://gre/modules/CertUtils.jsm :: validateCert :: line 113"  data: no]
Warning: An attempt was made to write to the DEVTOOLS_COPY_UNIQUE_CSS_SELECTOR_OPENED_COUNT histogram, which is not defined in Histograms.json
Warning: An attempt was made to write to the DEVTOOLS_COPY_FULL_CSS_SELECTOR_OPENED_COUNT histogram, which is not defined in Histograms.json
Warning: An attempt was made to write to the DEVTOOLS_COPY_UNIQUE_CSS_SELECTOR_OPENED_COUNT histogram, which is not defined in Histograms.json
*************************
A coding exception was thrown and uncaught in a Task.

Full message: TypeError: NetworkError when attempting to fetch resource.
Full stack: 
*************************
JavaScript error: https://scraper.creativecommons.org/js/deed.js, line 1: ReferenceError: YAHOO is not defined
JavaScript error: https://scraper.creativecommons.org/apps/deed?url=https%3A%2F%2Fautomatetheboringstuff.com%2F&license_uri=https%3A%2F%2Fcreativecommons.org%2Flicenses%2Fby-nc-sa%2F3.0%2F&callback=YAHOO.cc.success, line 1: SyntaxError: missing ; before statement
console.error: 
  Message: Error: Connection closed, pending request to server1.conn1.child1/stylesheet186, type getOriginalLocation failed

Request stack:
request@resource://gre/modules/commonjs/toolkit/loader.js -> resource://devtools/shared/protocol.js:1269:14
generateRequestMethods/</frontProto[name]@resource://gre/modules/commonjs/toolkit/loader.js -> resource://devtools/shared/protocol.js:1426:14
getOriginalLocation@resource://gre/modules/commonjs/toolkit/loader.js -> resource://devtools/shared/fronts/styles.js:237:12
getOriginalSourceStrings@resource://gre/modules/commonjs/toolkit/loader.js -> resource://devtools/client/inspector/rules/models/rule.js:139:12
updateSourceLink@resource://gre/modules/commonjs/toolkit/loader.js -> resource://devtools/client/inspector/rules/views/rule-editor.js:276:7
_create@resource://gre/modules/commonjs/toolkit/loader.js -> resource://devtools/client/inspector/rules/views/rule-editor.js:124:5
RuleEditor@resource://gre/modules/commonjs/toolkit/loader.js -> resource://devtools/client/inspector/rules/views/rule-editor.js:77:3
_createEditors@resource://gre/modules/commonjs/toolkit/loader.js -> resource://devtools/client/inspector/rules/rules.js:1070:23
_populate/<@resource://gre/modules/commonjs/toolkit/loader.js -> resource://devtools/client/inspector/rules/rules.js:874:28
process@resource://gre/modules/Promise.jsm -> resource://gre/modules/Promise-backend.js:922:23
walkerLoop@resource://gre/modules/Promise.jsm -> resource://gre/modules/Promise-backend.js:806:7
scheduleWalkerLoop/<@resource://gre/modules/Promise.jsm -> resource://gre/modules/Promise-backend.js:742:11

  Stack:
    destroy@resource://gre/modules/commonjs/toolkit/loader.js -> resource://devtools/shared/protocol.js:1212:23
destroy@resource://gre/modules/commonjs/toolkit/loader.js -> resource://devtools/shared/fronts/stylesheets.js:109:5
destroy@resource://gre/modules/commonjs/toolkit/loader.js -> resource://devtools/shared/protocol.js:851:9
destroy@resource://gre/modules/commonjs/toolkit/loader.js -> resource://devtools/shared/protocol.js:1214:5
destroy@resource://gre/modules/commonjs/toolkit/loader.js -> resource://devtools/shared/fronts/styles.js:40:5
destroy@resource://gre/modules/commonjs/toolkit/loader.js -> resource://devtools/shared/protocol.js:851:9
destroy@resource://gre/modules/commonjs/toolkit/loader.js -> resource://devtools/shared/protocol.js:1214:5
destroy@resource://gre/modules/commonjs/toolkit/loader.js -> resource://devtools/shared/fronts/inspector.js:963:5
destroyInspector/this._destroyingInspector<@resource://gre/modules/commonjs/toolkit/loader.js -> resource://devtools/client/framework/toolbox.js:2202:13
_run@resource://gre/modules/commonjs/toolkit/loader.js -> resource://devtools/shared/task.js:311:39
process@resource://gre/modules/Promise.jsm -> resource://gre/modules/Promise-backend.js:922:23
walkerLoop@resource://gre/modules/Promise.jsm -> resource://gre/modules/Promise-backend.js:806:7
scheduleWalkerLoop/<@resource://gre/modules/Promise.jsm -> resource://gre/modules/Promise-backend.js:742:11

console.error: 
  Message: Error: Connection closed, pending request to server1.conn1.child1/stylesheet186, type getOriginalLocation failed

Request stack:
request@resource://gre/modules/commonjs/toolkit/loader.js -> resource://devtools/shared/protocol.js:1269:14
generateRequestMethods/</frontProto[name]@resource://gre/modules/commonjs/toolkit/loader.js -> resource://devtools/shared/protocol.js:1426:14
getOriginalLocation@resource://gre/modules/commonjs/toolkit/loader.js -> resource://devtools/shared/fronts/styles.js:237:12
getOriginalSourceStrings@resource://gre/modules/commonjs/toolkit/loader.js -> resource://devtools/client/inspector/rules/models/rule.js:139:12
updateSourceLink@resource://gre/modules/commonjs/toolkit/loader.js -> resource://devtools/client/inspector/rules/views/rule-editor.js:276:7
_create@resource://gre/modules/commonjs/toolkit/loader.js -> resource://devtools/client/inspector/rules/views/rule-editor.js:124:5
RuleEditor@resource://gre/modules/commonjs/toolkit/loader.js -> resource://devtools/client/inspector/rules/views/rule-editor.js:77:3
_createEditors@resource://gre/modules/commonjs/toolkit/loader.js -> resource://devtools/client/inspector/rules/rules.js:1070:23
_populate/<@resource://gre/modules/commonjs/toolkit/loader.js -> resource://devtools/client/inspector/rules/rules.js:874:28
process@resource://gre/modules/Promise.jsm -> resource://gre/modules/Promise-backend.js:922:23
walkerLoop@resource://gre/modules/Promise.jsm -> resource://gre/modules/Promise-backend.js:806:7
scheduleWalkerLoop/<@resource://gre/modules/Promise.jsm -> resource://gre/modules/Promise-backend.js:742:11

  Stack:
    destroy@resource://gre/modules/commonjs/toolkit/loader.js -> resource://devtools/shared/protocol.js:1212:23
destroy@resource://gre/modules/commonjs/toolkit/loader.js -> resource://devtools/shared/fronts/stylesheets.js:109:5
destroy@resource://gre/modules/commonjs/toolkit/loader.js -> resource://devtools/shared/protocol.js:851:9
destroy@resource://gre/modules/commonjs/toolkit/loader.js -> resource://devtools/shared/protocol.js:1214:5
destroy@resource://gre/modules/commonjs/toolkit/loader.js -> resource://devtools/shared/fronts/styles.js:40:5
destroy@resource://gre/modules/commonjs/toolkit/loader.js -> resource://devtools/shared/protocol.js:851:9
destroy@resource://gre/modules/commonjs/toolkit/loader.js -> resource://devtools/shared/protocol.js:1214:5
destroy@resource://gre/modules/commonjs/toolkit/loader.js -> resource://devtools/shared/fronts/inspector.js:963:5
destroyInspector/this._destroyingInspector<@resource://gre/modules/commonjs/toolkit/loader.js -> resource://devtools/client/framework/toolbox.js:2202:13
_run@resource://gre/modules/commonjs/toolkit/loader.js -> resource://devtools/shared/task.js:311:39
process@resource://gre/modules/Promise.jsm -> resource://gre/modules/Promise-backend.js:922:23
walkerLoop@resource://gre/modules/Promise.jsm -> resource://gre/modules/Promise-backend.js:806:7
scheduleWalkerLoop/<@resource://gre/modules/Promise.jsm -> resource://gre/modules/Promise-backend.js:742:11

console.error: 
  Message: Error: Connection closed, pending request to server1.conn1.child1/stylesheet186, type getOriginalLocation failed

Request stack:
request@resource://gre/modules/commonjs/toolkit/loader.js -> resource://devtools/shared/protocol.js:1269:14
generateRequestMethods/</frontProto[name]@resource://gre/modules/commonjs/toolkit/loader.js -> resource://devtools/shared/protocol.js:1426:14
getOriginalLocation@resource://gre/modules/commonjs/toolkit/loader.js -> resource://devtools/shared/fronts/styles.js:237:12
getOriginalSourceStrings@resource://gre/modules/commonjs/toolkit/loader.js -> resource://devtools/client/inspector/rules/models/rule.js:139:12
updateSourceLink@resource://gre/modules/commonjs/toolkit/loader.js -> resource://devtools/client/inspector/rules/views/rule-editor.js:276:7
_create@resource://gre/modules/commonjs/toolkit/loader.js -> resource://devtools/client/inspector/rules/views/rule-editor.js:124:5
RuleEditor@resource://gre/modules/commonjs/toolkit/loader.js -> resource://devtools/client/inspector/rules/views/rule-editor.js:77:3
_createEditors@resource://gre/modules/commonjs/toolkit/loader.js -> resource://devtools/client/inspector/rules/rules.js:1070:23
_populate/<@resource://gre/modules/commonjs/toolkit/loader.js -> resource://devtools/client/inspector/rules/rules.js:874:28
process@resource://gre/modules/Promise.jsm -> resource://gre/modules/Promise-backend.js:922:23
walkerLoop@resource://gre/modules/Promise.jsm -> resource://gre/modules/Promise-backend.js:806:7
scheduleWalkerLoop/<@resource://gre/modules/Promise.jsm -> resource://gre/modules/Promise-backend.js:742:11

  Stack:
    destroy@resource://gre/modules/commonjs/toolkit/loader.js -> resource://devtools/shared/protocol.js:1212:23
destroy@resource://gre/modules/commonjs/toolkit/loader.js -> resource://devtools/shared/fronts/stylesheets.js:109:5
destroy@resource://gre/modules/commonjs/toolkit/loader.js -> resource://devtools/shared/protocol.js:851:9
destroy@resource://gre/modules/commonjs/toolkit/loader.js -> resource://devtools/shared/protocol.js:1214:5
destroy@resource://gre/modules/commonjs/toolkit/loader.js -> resource://devtools/shared/fronts/styles.js:40:5
destroy@resource://gre/modules/commonjs/toolkit/loader.js -> resource://devtools/shared/protocol.js:851:9
destroy@resource://gre/modules/commonjs/toolkit/loader.js -> resource://devtools/shared/protocol.js:1214:5
destroy@resource://gre/modules/commonjs/toolkit/loader.js -> resource://devtools/shared/fronts/inspector.js:963:5
destroyInspector/this._destroyingInspector<@resource://gre/modules/commonjs/toolkit/loader.js -> resource://devtools/client/framework/toolbox.js:2202:13
_run@resource://gre/modules/commonjs/toolkit/loader.js -> resource://devtools/shared/task.js:311:39
process@resource://gre/modules/Promise.jsm -> resource://gre/modules/Promise-backend.js:922:23
walkerLoop@resource://gre/modules/Promise.jsm -> resource://gre/modules/Promise-backend.js:806:7
scheduleWalkerLoop/<@resource://gre/modules/Promise.jsm -> resource://gre/modules/Promise-backend.js:742:11

console.error: 
  Message: Error: Connection closed, pending request to server1.conn1.child1/stylesheet186, type getOriginalLocation failed

Request stack:
request@resource://gre/modules/commonjs/toolkit/loader.js -> resource://devtools/shared/protocol.js:1269:14
generateRequestMethods/</frontProto[name]@resource://gre/modules/commonjs/toolkit/loader.js -> resource://devtools/shared/protocol.js:1426:14
getOriginalLocation@resource://gre/modules/commonjs/toolkit/loader.js -> resource://devtools/shared/fronts/styles.js:237:12
getOriginalSourceStrings@resource://gre/modules/commonjs/toolkit/loader.js -> resource://devtools/client/inspector/rules/models/rule.js:139:12
updateSourceLink@resource://gre/modules/commonjs/toolkit/loader.js -> resource://devtools/client/inspector/rules/views/rule-editor.js:276:7
_create@resource://gre/modules/commonjs/toolkit/loader.js -> resource://devtools/client/inspector/rules/views/rule-editor.js:124:5
RuleEditor@resource://gre/modules/commonjs/toolkit/loader.js -> resource://devtools/client/inspector/rules/views/rule-editor.js:77:3
_createEditors@resource://gre/modules/commonjs/toolkit/loader.js -> resource://devtools/client/inspector/rules/rules.js:1070:23
_populate/<@resource://gre/modules/commonjs/toolkit/loader.js -> resource://devtools/client/inspector/rules/rules.js:874:28
process@resource://gre/modules/Promise.jsm -> resource://gre/modules/Promise-backend.js:922:23
walkerLoop@resource://gre/modules/Promise.jsm -> resource://gre/modules/Promise-backend.js:806:7
scheduleWalkerLoop/<@resource://gre/modules/Promise.jsm -> resource://gre/modules/Promise-backend.js:742:11

  Stack:
    destroy@resource://gre/modules/commonjs/toolkit/loader.js -> resource://devtools/shared/protocol.js:1212:23
destroy@resource://gre/modules/commonjs/toolkit/loader.js -> resource://devtools/shared/fronts/stylesheets.js:109:5
destroy@resource://gre/modules/commonjs/toolkit/loader.js -> resource://devtools/shared/protocol.js:851:9
destroy@resource://gre/modules/commonjs/toolkit/loader.js -> resource://devtools/shared/protocol.js:1214:5
destroy@resource://gre/modules/commonjs/toolkit/loader.js -> resource://devtools/shared/fronts/styles.js:40:5
destroy@resource://gre/modules/commonjs/toolkit/loader.js -> resource://devtools/shared/protocol.js:851:9
destroy@resource://gre/modules/commonjs/toolkit/loader.js -> resource://devtools/shared/protocol.js:1214:5
destroy@resource://gre/modules/commonjs/toolkit/loader.js -> resource://devtools/shared/fronts/inspector.js:963:5
destroyInspector/this._destroyingInspector<@resource://gre/modules/commonjs/toolkit/loader.js -> resource://devtools/client/framework/toolbox.js:2202:13
_run@resource://gre/modules/commonjs/toolkit/loader.js -> resource://devtools/shared/task.js:311:39
process@resource://gre/modules/Promise.jsm -> resource://gre/modules/Promise-backend.js:922:23
walkerLoop@resource://gre/modules/Promise.jsm -> resource://gre/modules/Promise-backend.js:806:7
scheduleWalkerLoop/<@resource://gre/modules/Promise.jsm -> resource://gre/modules/Promise-backend.js:742:11

console.error: 
  Message: Error: Connection closed, pending request to server1.conn1.child1/stylesheet186, type getOriginalLocation failed

Request stack:
request@resource://gre/modules/commonjs/toolkit/loader.js -> resource://devtools/shared/protocol.js:1269:14
generateRequestMethods/</frontProto[name]@resource://gre/modules/commonjs/toolkit/loader.js -> resource://devtools/shared/protocol.js:1426:14
getOriginalLocation@resource://gre/modules/commonjs/toolkit/loader.js -> resource://devtools/shared/fronts/styles.js:237:12
getOriginalSourceStrings@resource://gre/modules/commonjs/toolkit/loader.js -> resource://devtools/client/inspector/rules/models/rule.js:139:12
updateSourceLink@resource://gre/modules/commonjs/toolkit/loader.js -> resource://devtools/client/inspector/rules/views/rule-editor.js:276:7
_create@resource://gre/modules/commonjs/toolkit/loader.js -> resource://devtools/client/inspector/rules/views/rule-editor.js:124:5
RuleEditor@resource://gre/modules/commonjs/toolkit/loader.js -> resource://devtools/client/inspector/rules/views/rule-editor.js:77:3
_createEditors@resource://gre/modules/commonjs/toolkit/loader.js -> resource://devtools/client/inspector/rules/rules.js:1070:23
_populate/<@resource://gre/modules/commonjs/toolkit/loader.js -> resource://devtools/client/inspector/rules/rules.js:874:28
process@resource://gre/modules/Promise.jsm -> resource://gre/modules/Promise-backend.js:922:23
walkerLoop@resource://gre/modules/Promise.jsm -> resource://gre/modules/Promise-backend.js:806:7
scheduleWalkerLoop/<@resource://gre/modules/Promise.jsm -> resource://gre/modules/Promise-backend.js:742:11

  Stack:
    destroy@resource://gre/modules/commonjs/toolkit/loader.js -> resource://devtools/shared/protocol.js:1212:23
destroy@resource://gre/modules/commonjs/toolkit/loader.js -> resource://devtools/shared/fronts/stylesheets.js:109:5
destroy@resource://gre/modules/commonjs/toolkit/loader.js -> resource://devtools/shared/protocol.js:851:9
destroy@resource://gre/modules/commonjs/toolkit/loader.js -> resource://devtools/shared/protocol.js:1214:5
destroy@resource://gre/modules/commonjs/toolkit/loader.js -> resource://devtools/shared/fronts/styles.js:40:5
destroy@resource://gre/modules/commonjs/toolkit/loader.js -> resource://devtools/shared/protocol.js:851:9
destroy@resource://gre/modules/commonjs/toolkit/loader.js -> resource://devtools/shared/protocol.js:1214:5
destroy@resource://gre/modules/commonjs/toolkit/loader.js -> resource://devtools/shared/fronts/inspector.js:963:5
destroyInspector/this._destroyingInspector<@resource://gre/modules/commonjs/toolkit/loader.js -> resource://devtools/client/framework/toolbox.js:2202:13
_run@resource://gre/modules/commonjs/toolkit/loader.js -> resource://devtools/shared/task.js:311:39
process@resource://gre/modules/Promise.jsm -> resource://gre/modules/Promise-backend.js:922:23
walkerLoop@resource://gre/modules/Promise.jsm -> resource://gre/modules/Promise-backend.js:806:7
scheduleWalkerLoop/<@resource://gre/modules/Promise.jsm -> resource://gre/modules/Promise-backend.js:742:11

console.error: 
  Message: Error: Connection closed, pending request to server1.conn1.child1/stylesheet186, type getOriginalLocation failed

Request stack:
request@resource://gre/modules/commonjs/toolkit/loader.js -> resource://devtools/shared/protocol.js:1269:14
generateRequestMethods/</frontProto[name]@resource://gre/modules/commonjs/toolkit/loader.js -> resource://devtools/shared/protocol.js:1426:14
getOriginalLocation@resource://gre/modules/commonjs/toolkit/loader.js -> resource://devtools/shared/fronts/styles.js:237:12
getOriginalSourceStrings@resource://gre/modules/commonjs/toolkit/loader.js -> resource://devtools/client/inspector/rules/models/rule.js:139:12
updateSourceLink@resource://gre/modules/commonjs/toolkit/loader.js -> resource://devtools/client/inspector/rules/views/rule-editor.js:276:7
_create@resource://gre/modules/commonjs/toolkit/loader.js -> resource://devtools/client/inspector/rules/views/rule-editor.js:124:5
RuleEditor@resource://gre/modules/commonjs/toolkit/loader.js -> resource://devtools/client/inspector/rules/views/rule-editor.js:77:3
_createEditors@resource://gre/modules/commonjs/toolkit/loader.js -> resource://devtools/client/inspector/rules/rules.js:1070:23
_populate/<@resource://gre/modules/commonjs/toolkit/loader.js -> resource://devtools/client/inspector/rules/rules.js:874:28
process@resource://gre/modules/Promise.jsm -> resource://gre/modules/Promise-backend.js:922:23
walkerLoop@resource://gre/modules/Promise.jsm -> resource://gre/modules/Promise-backend.js:806:7
scheduleWalkerLoop/<@resource://gre/modules/Promise.jsm -> resource://gre/modules/Promise-backend.js:742:11

  Stack:
    destroy@resource://gre/modules/commonjs/toolkit/loader.js -> resource://devtools/shared/protocol.js:1212:23
destroy@resource://gre/modules/commonjs/toolkit/loader.js -> resource://devtools/shared/fronts/stylesheets.js:109:5
destroy@resource://gre/modules/commonjs/toolkit/loader.js -> resource://devtools/shared/protocol.js:851:9
destroy@resource://gre/modules/commonjs/toolkit/loader.js -> resource://devtools/shared/protocol.js:1214:5
destroy@resource://gre/modules/commonjs/toolkit/loader.js -> resource://devtools/shared/fronts/styles.js:40:5
destroy@resource://gre/modules/commonjs/toolkit/loader.js -> resource://devtools/shared/protocol.js:851:9
destroy@resource://gre/modules/commonjs/toolkit/loader.js -> resource://devtools/shared/protocol.js:1214:5
destroy@resource://gre/modules/commonjs/toolkit/loader.js -> resource://devtools/shared/fronts/inspector.js:963:5
destroyInspector/this._destroyingInspector<@resource://gre/modules/commonjs/toolkit/loader.js -> resource://devtools/client/framework/toolbox.js:2202:13
_run@resource://gre/modules/commonjs/toolkit/loader.js -> resource://devtools/shared/task.js:311:39
process@resource://gre/modules/Promise.jsm -> resource://gre/modules/Promise-backend.js:922:23
walkerLoop@resource://gre/modules/Promise.jsm -> resource://gre/modules/Promise-backend.js:806:7
scheduleWalkerLoop/<@resource://gre/modules/Promise.jsm -> resource://gre/modules/Promise-backend.js:742:11

Warning: An attempt was made to write to the DEVTOOLS_COPY_FULL_CSS_SELECTOR_OPENED_COUNT histogram, which is not defined in Histograms.json
Warning: An attempt was made to write to the DEVTOOLS_COPY_UNIQUE_CSS_SELECTOR_OPENED_COUNT histogram, which is not defined in Histograms.json
Warning: An attempt was made to write to the DEVTOOLS_COPY_FULL_CSS_SELECTOR_OPENED_COUNT histogram, which is not defined in Histograms.json
JavaScript error: https://scraper.creativecommons.org/js/deed.js, line 1: ReferenceError: YAHOO is not defined
JavaScript error: https://scraper.creativecommons.org/apps/deed?url=https%3A%2F%2Fautomatetheboringstuff.com%2F&license_uri=https%3A%2F%2Fcreativecommons.org%2Flicenses%2Fby-nc-sa%2F3.0%2F&callback=YAHOO.cc.success, line 1: SyntaxError: missing ; before statement
1498692497337	geckodriver	INFO	Listening on 127.0.0.1:50834
1498692499431	geckodriver::marionette	INFO	Starting browser C:\Program Files (x86)\Mozilla Firefox\firefox.exe with args ["-marionette"]
1498692509078	Marionette	INFO	Listening on port 50840
1498692510066	Marionette	WARN	TLS certificate errors will be ignored for this session
1498692569223	addons.productaddons	ERROR	Request failed certificate checks: [Exception... "Certificate checks failed. See previous errors for details."  nsresult: "0x80070057 (NS_ERROR_ILLEGAL_VALUE)"  location: "JS frame :: resource://gre/modules/CertUtils.jsm :: validateCert :: line 113"  data: no]
*************************
A coding exception was thrown and uncaught in a Task.

Full message: TypeError: NetworkError when attempting to fetch resource.
Full stack: 
*************************
1498849289750	geckodriver	INFO	Listening on 127.0.0.1:52323
1498849292356	geckodriver::marionette	INFO	Starting browser C:\Program Files (x86)\Mozilla Firefox\firefox.exe with args ["-marionette"]
1498849315161	Marionette	INFO	Listening on port 52329
1498849317062	Marionette	WARN	TLS certificate errors will be ignored for this session
1498849379494	addons.productaddons	ERROR	Request failed certificate checks: [Exception... "Certificate checks failed. See previous errors for details."  nsresult: "0x80070057 (NS_ERROR_ILLEGAL_VALUE)"  location: "JS frame :: resource://gre/modules/CertUtils.jsm :: validateCert :: line 113"  data: no]
JavaScript error: resource://gre/modules/LoginManagerParent.jsm, line 104: TypeError: this._recipeManager is null
console.warn: nsLoginManager: searchLogins: `formSubmitURL` or `httpRealm` is recommended
Warning: An attempt was made to write to the DEVTOOLS_COPY_FULL_CSS_SELECTOR_OPENED_COUNT histogram, which is not defined in Histograms.json
JavaScript error: resource://gre/modules/LoginManagerParent.jsm, line 104: TypeError: this._recipeManager is null
console.warn: nsLoginManager: searchLogins: `formSubmitURL` or `httpRealm` is recommended
Warning: An attempt was made to write to the DEVTOOLS_COPY_FULL_CSS_SELECTOR_OPENED_COUNT histogram, which is not defined in Histograms.json
Warning: An attempt was made to write to the DEVTOOLS_COPY_FULL_CSS_SELECTOR_OPENED_COUNT histogram, which is not defined in Histograms.json
Warning: An attempt was made to write to the DEVTOOLS_COPY_FULL_CSS_SELECTOR_OPENED_COUNT histogram, which is not defined in Histograms.json
Warning: An attempt was made to write to the DEVTOOLS_COPY_FULL_CSS_SELECTOR_OPENED_COUNT histogram, which is not defined in Histograms.json
Warning: An attempt was made to write to the DEVTOOLS_COPY_FULL_CSS_SELECTOR_OPENED_COUNT histogram, which is not defined in Histograms.json
Warning: An attempt was made to write to the DEVTOOLS_COPY_FULL_CSS_SELECTOR_OPENED_COUNT histogram, which is not defined in Histograms.json
*************************
A coding exception was thrown and uncaught in a Task.

Full message: TypeError: NetworkError when attempting to fetch resource.
Full stack: 
*************************
1498850042633	Marionette	INFO	Ceased listening
1498852877056	geckodriver	INFO	Listening on 127.0.0.1:53546
1498852879363	geckodriver::marionette	INFO	Starting browser C:\Program Files (x86)\Mozilla Firefox\firefox.exe with args ["-marionette"]
1498853881114	geckodriver::marionette	ERROR	Failed to kill browser process
